{"C:\\Users\\kanaa\\Documents\\herogram\\backend\\src\\app.ts": {"path":"C:\\Users\\kanaa\\Documents\\herogram\\backend\\src\\app.ts","statementMap":{"0":{"start":{"line":1,"column":0},"end":{"line":1,"column":30}},"1":{"start":{"line":2,"column":0},"end":{"line":2,"column":28}},"2":{"start":{"line":3,"column":0},"end":{"line":3,"column":24}},"3":{"start":{"line":4,"column":0},"end":{"line":4,"column":37}},"4":{"start":{"line":6,"column":12},"end":{"line":6,"column":21}},"5":{"start":{"line":8,"column":0},"end":{"line":8,"column":18}},"6":{"start":{"line":10,"column":0},"end":{"line":14,"column":4}},"7":{"start":{"line":16,"column":0},"end":{"line":16,"column":24}},"8":{"start":{"line":18,"column":0},"end":{"line":18,"column":27}},"9":{"start":{"line":20,"column":0},"end":{"line":22,"column":3}},"10":{"start":{"line":21,"column":4},"end":{"line":21,"column":70}},"11":{"start":{"line":24,"column":0},"end":{"line":27,"column":3}},"12":{"start":{"line":25,"column":4},"end":{"line":25,"column":29}},"13":{"start":{"line":26,"column":4},"end":{"line":26,"column":83}},"14":{"start":{"line":29,"column":0},"end":{"line":29,"column":19}}},"fnMap":{"0":{"name":"(anonymous_1)","decl":{"start":{"line":20,"column":23},"end":{"line":20,"column":24}},"loc":{"start":{"line":20,"column":36},"end":{"line":22,"column":1}}},"1":{"name":"(anonymous_2)","decl":{"start":{"line":24,"column":8},"end":{"line":24,"column":9}},"loc":{"start":{"line":24,"column":94},"end":{"line":27,"column":1}}}},"branchMap":{},"s":{"0":1,"1":1,"2":1,"3":1,"4":1,"5":1,"6":1,"7":1,"8":1,"9":1,"10":0,"11":1,"12":0,"13":0,"14":1},"f":{"0":0,"1":0},"b":{}}
,"C:\\Users\\kanaa\\Documents\\herogram\\backend\\src\\server.ts": {"path":"C:\\Users\\kanaa\\Documents\\herogram\\backend\\src\\server.ts","statementMap":{"0":{"start":{"line":1,"column":0},"end":{"line":1,"column":28}},"1":{"start":{"line":2,"column":0},"end":{"line":2,"column":16}},"2":{"start":{"line":4,"column":0},"end":{"line":4,"column":24}},"3":{"start":{"line":5,"column":0},"end":{"line":5,"column":37}},"4":{"start":{"line":6,"column":0},"end":{"line":6,"column":7}},"5":{"start":{"line":46,"column":4},"end":{"line":6,"column":24}},"6":{"start":{"line":7,"column":0},"end":{"line":7,"column":7}},"7":{"start":{"line":47,"column":14},"end":{"line":7,"column":36}},"8":{"start":{"line":8,"column":0},"end":{"line":8,"column":7}},"9":{"start":{"line":47,"column":22},"end":{"line":8,"column":40}},"10":{"start":{"line":9,"column":0},"end":{"line":9,"column":61}},"11":{"start":{"line":12,"column":13},"end":{"line":12,"column":37}},"12":{"start":{"line":14,"column":15},"end":{"line":14,"column":37}},"13":{"start":{"line":47,"column":6},"end":{"line":47,"column":12}},"14":{"start":{"line":15,"column":12},"end":{"line":15,"column":65}},"15":{"start":{"line":17,"column":0},"end":{"line":17,"column":20}},"16":{"start":{"line":19,"column":0},"end":{"line":21,"column":3}},"17":{"start":{"line":20,"column":4},"end":{"line":20,"column":65}},"18":{"start":{"line":23,"column":0},"end":{"line":32,"column":3}},"19":{"start":{"line":24,"column":4},"end":{"line":24,"column":74}},"20":{"start":{"line":25,"column":4},"end":{"line":31,"column":7}},"21":{"start":{"line":26,"column":8},"end":{"line":26,"column":52}},"22":{"start":{"line":27,"column":8},"end":{"line":27,"column":35}},"23":{"start":{"line":28,"column":8},"end":{"line":28,"column":33}},"24":{"start":{"line":29,"column":8},"end":{"line":29,"column":59}},"25":{"start":{"line":30,"column":8},"end":{"line":30,"column":24}},"26":{"start":{"line":34,"column":0},"end":{"line":43,"column":3}},"27":{"start":{"line":35,"column":4},"end":{"line":35,"column":73}},"28":{"start":{"line":36,"column":4},"end":{"line":42,"column":7}},"29":{"start":{"line":37,"column":8},"end":{"line":37,"column":52}},"30":{"start":{"line":38,"column":8},"end":{"line":38,"column":35}},"31":{"start":{"line":39,"column":8},"end":{"line":39,"column":33}},"32":{"start":{"line":40,"column":8},"end":{"line":40,"column":59}},"33":{"start":{"line":41,"column":8},"end":{"line":41,"column":24}}},"fnMap":{"0":{"name":"(anonymous_1)","decl":{"start":{"line":19,"column":20},"end":{"line":19,"column":23}},"loc":{"start":{"line":19,"column":25},"end":{"line":21,"column":1}}},"1":{"name":"(anonymous_2)","decl":{"start":{"line":23,"column":22},"end":{"line":23,"column":27}},"loc":{"start":{"line":23,"column":33},"end":{"line":32,"column":1}}},"2":{"name":"(anonymous_3)","decl":{"start":{"line":25,"column":17},"end":{"line":25,"column":22}},"loc":{"start":{"line":25,"column":28},"end":{"line":31,"column":5}}},"3":{"name":"(anonymous_4)","decl":{"start":{"line":34,"column":21},"end":{"line":34,"column":26}},"loc":{"start":{"line":34,"column":32},"end":{"line":43,"column":1}}},"4":{"name":"(anonymous_5)","decl":{"start":{"line":36,"column":17},"end":{"line":36,"column":22}},"loc":{"start":{"line":36,"column":28},"end":{"line":42,"column":5}}}},"branchMap":{"0":{"loc":{"start":{"line":12,"column":13},"end":{"line":12,"column":37}},"type":"binary-expr","locations":[{"start":{"line":12,"column":13},"end":{"line":12,"column":29}},{"start":{"line":12,"column":33},"end":{"line":12,"column":37}}]}},"s":{"0":1,"1":1,"2":1,"3":1,"4":1,"5":1,"6":1,"7":1,"8":1,"9":1,"10":1,"11":1,"12":1,"13":1,"14":1,"15":1,"16":1,"17":0,"18":1,"19":0,"20":0,"21":0,"22":0,"23":0,"24":0,"25":0,"26":1,"27":0,"28":0,"29":0,"30":0,"31":0,"32":0,"33":0},"f":{"0":0,"1":0,"2":0,"3":0,"4":0},"b":{"0":[1,0]}}
,"C:\\Users\\kanaa\\Documents\\herogram\\backend\\src\\controllers\\authController.ts": {"path":"C:\\Users\\kanaa\\Documents\\herogram\\backend\\src\\controllers\\authController.ts","statementMap":{"0":{"start":{"line":2,"column":0},"end":{"line":2,"column":45}},"1":{"start":{"line":3,"column":0},"end":{"line":3,"column":37}},"2":{"start":{"line":4,"column":0},"end":{"line":4,"column":36}},"3":{"start":{"line":5,"column":45},"end":{"line":20,"column":1}},"4":{"start":{"line":6,"column":4},"end":{"line":19,"column":5}},"5":{"start":{"line":8,"column":24},"end":{"line":12,"column":10}},"6":{"start":{"line":14,"column":22},"end":{"line":14,"column":47}},"7":{"start":{"line":15,"column":8},"end":{"line":15,"column":112}},"8":{"start":{"line":17,"column":8},"end":{"line":17,"column":66}},"9":{"start":{"line":18,"column":8},"end":{"line":18,"column":103}},"10":{"start":{"line":5,"column":13},"end":{"line":5,"column":45}}},"fnMap":{"0":{"name":"(anonymous_1)","decl":{"start":{"line":5,"column":45},"end":{"line":5,"column":50}},"loc":{"start":{"line":5,"column":83},"end":{"line":20,"column":1}}}},"branchMap":{},"s":{"0":1,"1":1,"2":1,"3":1,"4":0,"5":0,"6":0,"7":0,"8":0,"9":0,"10":1},"f":{"0":0},"b":{}}
,"C:\\Users\\kanaa\\Documents\\herogram\\backend\\src\\controllers\\pollController.ts": {"path":"C:\\Users\\kanaa\\Documents\\herogram\\backend\\src\\controllers\\pollController.ts","statementMap":{"0":{"start":{"line":2,"column":0},"end":{"line":2,"column":79}},"1":{"start":{"line":4,"column":33},"end":{"line":31,"column":1}},"2":{"start":{"line":5,"column":45},"end":{"line":5,"column":53}},"3":{"start":{"line":7,"column":4},"end":{"line":10,"column":5}},"4":{"start":{"line":8,"column":8},"end":{"line":8,"column":107}},"5":{"start":{"line":9,"column":8},"end":{"line":9,"column":15}},"6":{"start":{"line":11,"column":4},"end":{"line":14,"column":5}},"7":{"start":{"line":12,"column":8},"end":{"line":12,"column":78}},"8":{"start":{"line":13,"column":8},"end":{"line":13,"column":15}},"9":{"start":{"line":16,"column":4},"end":{"line":30,"column":5}},"10":{"start":{"line":17,"column":21},"end":{"line":17,"column":77}},"11":{"start":{"line":18,"column":8},"end":{"line":24,"column":11}},"12":{"start":{"line":21,"column":44},"end":{"line":21,"column":70}},"13":{"start":{"line":25,"column":8},"end":{"line":25,"column":15}},"14":{"start":{"line":27,"column":8},"end":{"line":27,"column":53}},"15":{"start":{"line":28,"column":8},"end":{"line":28,"column":90}},"16":{"start":{"line":29,"column":8},"end":{"line":29,"column":15}},"17":{"start":{"line":4,"column":13},"end":{"line":4,"column":33}},"18":{"start":{"line":35,"column":31},"end":{"line":66,"column":1}},"19":{"start":{"line":36,"column":27},"end":{"line":36,"column":37}},"20":{"start":{"line":37,"column":25},"end":{"line":37,"column":33}},"21":{"start":{"line":38,"column":19},"end":{"line":38,"column":29}},"22":{"start":{"line":40,"column":4},"end":{"line":43,"column":5}},"23":{"start":{"line":41,"column":8},"end":{"line":41,"column":69}},"24":{"start":{"line":42,"column":8},"end":{"line":42,"column":15}},"25":{"start":{"line":44,"column":4},"end":{"line":47,"column":5}},"26":{"start":{"line":45,"column":8},"end":{"line":45,"column":68}},"27":{"start":{"line":46,"column":8},"end":{"line":46,"column":15}},"28":{"start":{"line":49,"column":4},"end":{"line":65,"column":5}},"29":{"start":{"line":50,"column":23},"end":{"line":50,"column":63}},"30":{"start":{"line":51,"column":8},"end":{"line":51,"column":77}},"31":{"start":{"line":52,"column":8},"end":{"line":52,"column":15}},"32":{"start":{"line":54,"column":8},"end":{"line":54,"column":52}},"33":{"start":{"line":55,"column":8},"end":{"line":58,"column":9}},"34":{"start":{"line":56,"column":12},"end":{"line":56,"column":61}},"35":{"start":{"line":57,"column":12},"end":{"line":57,"column":19}},"36":{"start":{"line":59,"column":8},"end":{"line":62,"column":9}},"37":{"start":{"line":60,"column":12},"end":{"line":60,"column":61}},"38":{"start":{"line":61,"column":12},"end":{"line":61,"column":19}},"39":{"start":{"line":63,"column":8},"end":{"line":63,"column":88}},"40":{"start":{"line":64,"column":8},"end":{"line":64,"column":15}},"41":{"start":{"line":35,"column":13},"end":{"line":35,"column":31}},"42":{"start":{"line":69,"column":37},"end":{"line":85,"column":1}},"43":{"start":{"line":70,"column":27},"end":{"line":70,"column":37}},"44":{"start":{"line":72,"column":4},"end":{"line":84,"column":5}},"45":{"start":{"line":73,"column":24},"end":{"line":73,"column":52}},"46":{"start":{"line":74,"column":8},"end":{"line":77,"column":9}},"47":{"start":{"line":75,"column":12},"end":{"line":75,"column":65}},"48":{"start":{"line":76,"column":12},"end":{"line":76,"column":19}},"49":{"start":{"line":78,"column":8},"end":{"line":78,"column":38}},"50":{"start":{"line":79,"column":8},"end":{"line":79,"column":15}},"51":{"start":{"line":81,"column":8},"end":{"line":81,"column":60}},"52":{"start":{"line":82,"column":8},"end":{"line":82,"column":100}},"53":{"start":{"line":83,"column":8},"end":{"line":83,"column":15}},"54":{"start":{"line":69,"column":13},"end":{"line":69,"column":37}}},"fnMap":{"0":{"name":"(anonymous_0)","decl":{"start":{"line":4,"column":33},"end":{"line":4,"column":38}},"loc":{"start":{"line":4,"column":71},"end":{"line":31,"column":1}}},"1":{"name":"(anonymous_1)","decl":{"start":{"line":21,"column":38},"end":{"line":21,"column":39}},"loc":{"start":{"line":21,"column":44},"end":{"line":21,"column":70}}},"2":{"name":"(anonymous_2)","decl":{"start":{"line":35,"column":31},"end":{"line":35,"column":36}},"loc":{"start":{"line":35,"column":69},"end":{"line":66,"column":1}}},"3":{"name":"(anonymous_3)","decl":{"start":{"line":69,"column":37},"end":{"line":69,"column":42}},"loc":{"start":{"line":69,"column":75},"end":{"line":85,"column":1}}}},"branchMap":{"0":{"loc":{"start":{"line":7,"column":4},"end":{"line":10,"column":5}},"type":"if","locations":[{"start":{"line":7,"column":4},"end":{"line":10,"column":5}}]},"1":{"loc":{"start":{"line":7,"column":8},"end":{"line":7,"column":80}},"type":"binary-expr","locations":[{"start":{"line":7,"column":8},"end":{"line":7,"column":17}},{"start":{"line":7,"column":21},"end":{"line":7,"column":44}},{"start":{"line":7,"column":48},"end":{"line":7,"column":66}},{"start":{"line":7,"column":70},"end":{"line":7,"column":80}}]},"2":{"loc":{"start":{"line":11,"column":4},"end":{"line":14,"column":5}},"type":"if","locations":[{"start":{"line":11,"column":4},"end":{"line":14,"column":5}}]},"3":{"loc":{"start":{"line":40,"column":4},"end":{"line":43,"column":5}},"type":"if","locations":[{"start":{"line":40,"column":4},"end":{"line":43,"column":5}}]},"4":{"loc":{"start":{"line":44,"column":4},"end":{"line":47,"column":5}},"type":"if","locations":[{"start":{"line":44,"column":4},"end":{"line":47,"column":5}}]},"5":{"loc":{"start":{"line":55,"column":8},"end":{"line":58,"column":9}},"type":"if","locations":[{"start":{"line":55,"column":8},"end":{"line":58,"column":9}}]},"6":{"loc":{"start":{"line":55,"column":12},"end":{"line":55,"column":98}},"type":"binary-expr","locations":[{"start":{"line":55,"column":12},"end":{"line":55,"column":52}},{"start":{"line":55,"column":56},"end":{"line":55,"column":98}}]},"7":{"loc":{"start":{"line":59,"column":8},"end":{"line":62,"column":9}},"type":"if","locations":[{"start":{"line":59,"column":8},"end":{"line":62,"column":9}}]},"8":{"loc":{"start":{"line":74,"column":8},"end":{"line":77,"column":9}},"type":"if","locations":[{"start":{"line":74,"column":8},"end":{"line":77,"column":9}}]}},"s":{"0":1,"1":1,"2":0,"3":0,"4":0,"5":0,"6":0,"7":0,"8":0,"9":0,"10":0,"11":0,"12":0,"13":0,"14":0,"15":0,"16":0,"17":1,"18":1,"19":0,"20":0,"21":0,"22":0,"23":0,"24":0,"25":0,"26":0,"27":0,"28":0,"29":0,"30":0,"31":0,"32":0,"33":0,"34":0,"35":0,"36":0,"37":0,"38":0,"39":0,"40":0,"41":1,"42":1,"43":0,"44":0,"45":0,"46":0,"47":0,"48":0,"49":0,"50":0,"51":0,"52":0,"53":0,"54":1},"f":{"0":0,"1":0,"2":0,"3":0},"b":{"0":[0],"1":[0,0,0,0],"2":[0],"3":[0],"4":[0],"5":[0],"6":[0,0],"7":[0],"8":[0]}}
,"C:\\Users\\kanaa\\Documents\\herogram\\backend\\src\\middleware\\auth.ts": {"path":"C:\\Users\\kanaa\\Documents\\herogram\\backend\\src\\middleware\\auth.ts","statementMap":{"0":{"start":{"line":2,"column":0},"end":{"line":2,"column":43}},"1":{"start":{"line":13,"column":33},"end":{"line":31,"column":1}},"2":{"start":{"line":14,"column":23},"end":{"line":14,"column":51}},"3":{"start":{"line":15,"column":18},"end":{"line":15,"column":56}},"4":{"start":{"line":17,"column":4},"end":{"line":20,"column":5}},"5":{"start":{"line":18,"column":8},"end":{"line":18,"column":75}},"6":{"start":{"line":19,"column":8},"end":{"line":19,"column":15}},"7":{"start":{"line":22,"column":20},"end":{"line":22,"column":38}},"8":{"start":{"line":24,"column":4},"end":{"line":27,"column":5}},"9":{"start":{"line":25,"column":8},"end":{"line":25,"column":70}},"10":{"start":{"line":26,"column":8},"end":{"line":26,"column":15}},"11":{"start":{"line":29,"column":4},"end":{"line":29,"column":32}},"12":{"start":{"line":30,"column":4},"end":{"line":30,"column":11}},"13":{"start":{"line":13,"column":13},"end":{"line":13,"column":33}}},"fnMap":{"0":{"name":"(anonymous_0)","decl":{"start":{"line":13,"column":33},"end":{"line":13,"column":34}},"loc":{"start":{"line":13,"column":85},"end":{"line":31,"column":1}}}},"branchMap":{"0":{"loc":{"start":{"line":15,"column":18},"end":{"line":15,"column":56}},"type":"binary-expr","locations":[{"start":{"line":15,"column":18},"end":{"line":15,"column":28}},{"start":{"line":15,"column":32},"end":{"line":15,"column":56}}]},"1":{"loc":{"start":{"line":17,"column":4},"end":{"line":20,"column":5}},"type":"if","locations":[{"start":{"line":17,"column":4},"end":{"line":20,"column":5}}]},"2":{"loc":{"start":{"line":24,"column":4},"end":{"line":27,"column":5}},"type":"if","locations":[{"start":{"line":24,"column":4},"end":{"line":27,"column":5}}]}},"s":{"0":1,"1":1,"2":0,"3":0,"4":0,"5":0,"6":0,"7":0,"8":0,"9":0,"10":0,"11":0,"12":0,"13":1},"f":{"0":0},"b":{"0":[0,0],"1":[0],"2":[0]}}
,"C:\\Users\\kanaa\\Documents\\herogram\\backend\\src\\routes\\api.ts": {"path":"C:\\Users\\kanaa\\Documents\\herogram\\backend\\src\\routes\\api.ts","statementMap":{"0":{"start":{"line":1,"column":0},"end":{"line":1,"column":33}},"1":{"start":{"line":2,"column":0},"end":{"line":2,"column":78}},"2":{"start":{"line":4,"column":0},"end":{"line":4,"column":55}},"3":{"start":{"line":6,"column":0},"end":{"line":6,"column":106}},"4":{"start":{"line":8,"column":15},"end":{"line":8,"column":23}},"5":{"start":{"line":11,"column":0},"end":{"line":11,"column":57}},"6":{"start":{"line":14,"column":0},"end":{"line":14,"column":40}},"7":{"start":{"line":17,"column":0},"end":{"line":17,"column":66}},"8":{"start":{"line":20,"column":0},"end":{"line":20,"column":47}},"9":{"start":{"line":22,"column":0},"end":{"line":22,"column":22}}},"fnMap":{},"branchMap":{},"s":{"0":1,"1":1,"2":1,"3":1,"4":1,"5":1,"6":1,"7":1,"8":1,"9":1},"f":{},"b":{}}
,"C:\\Users\\kanaa\\Documents\\herogram\\backend\\src\\services\\pollService.ts": {"path":"C:\\Users\\kanaa\\Documents\\herogram\\backend\\src\\services\\pollService.ts","statementMap":{"0":{"start":{"line":1,"column":0},"end":{"line":1,"column":37}},"1":{"start":{"line":2,"column":0},"end":{"line":2,"column":41}},"2":{"start":{"line":4,"column":26},"end":{"line":16,"column":1}},"3":{"start":{"line":5,"column":17},"end":{"line":14,"column":6}},"4":{"start":{"line":10,"column":45},"end":{"line":10,"column":53}},"5":{"start":{"line":15,"column":4},"end":{"line":15,"column":16}},"6":{"start":{"line":4,"column":13},"end":{"line":4,"column":26}},"7":{"start":{"line":18,"column":24},"end":{"line":87,"column":1}},"8":{"start":{"line":19,"column":16},"end":{"line":19,"column":26}},"9":{"start":{"line":22,"column":17},"end":{"line":25,"column":6}},"10":{"start":{"line":27,"column":4},"end":{"line":29,"column":5}},"11":{"start":{"line":28,"column":8},"end":{"line":28,"column":43}},"12":{"start":{"line":30,"column":4},"end":{"line":32,"column":5}},"13":{"start":{"line":31,"column":8},"end":{"line":31,"column":63}},"14":{"start":{"line":34,"column":19},"end":{"line":39,"column":6}},"15":{"start":{"line":41,"column":4},"end":{"line":43,"column":5}},"16":{"start":{"line":42,"column":8},"end":{"line":42,"column":77}},"17":{"start":{"line":45,"column":17},"end":{"line":49,"column":6}},"18":{"start":{"line":51,"column":25},"end":{"line":58,"column":6}},"19":{"start":{"line":60,"column":4},"end":{"line":86,"column":5}},"20":{"start":{"line":61,"column":8},"end":{"line":75,"column":9}},"21":{"start":{"line":62,"column":12},"end":{"line":62,"column":109}},"22":{"start":{"line":63,"column":12},"end":{"line":63,"column":102}},"23":{"start":{"line":65,"column":32},"end":{"line":71,"column":14}},"24":{"start":{"line":72,"column":12},"end":{"line":72,"column":101}},"25":{"start":{"line":73,"column":12},"end":{"line":73,"column":44}},"26":{"start":{"line":74,"column":12},"end":{"line":74,"column":80}},"27":{"start":{"line":77,"column":24},"end":{"line":83,"column":10}},"28":{"start":{"line":84,"column":8},"end":{"line":84,"column":40}},"29":{"start":{"line":85,"column":8},"end":{"line":85,"column":69}},"30":{"start":{"line":18,"column":13},"end":{"line":18,"column":24}},"31":{"start":{"line":89,"column":30},"end":{"line":121,"column":1}},"32":{"start":{"line":90,"column":17},"end":{"line":101,"column":6}},"33":{"start":{"line":103,"column":4},"end":{"line":105,"column":5}},"34":{"start":{"line":104,"column":8},"end":{"line":104,"column":20}},"35":{"start":{"line":107,"column":20},"end":{"line":111,"column":7}},"36":{"start":{"line":107,"column":48},"end":{"line":111,"column":6}},"37":{"start":{"line":113,"column":4},"end":{"line":120,"column":6}},"38":{"start":{"line":89,"column":13},"end":{"line":89,"column":30}},"39":{"start":{"line":123,"column":33},"end":{"line":132,"column":1}},"40":{"start":{"line":124,"column":4},"end":{"line":131,"column":5}},"41":{"start":{"line":125,"column":24},"end":{"line":125,"column":52}},"42":{"start":{"line":126,"column":8},"end":{"line":128,"column":9}},"43":{"start":{"line":127,"column":12},"end":{"line":127,"column":81}},"44":{"start":{"line":130,"column":8},"end":{"line":130,"column":77}},"45":{"start":{"line":123,"column":13},"end":{"line":123,"column":33}}},"fnMap":{"0":{"name":"(anonymous_1)","decl":{"start":{"line":4,"column":26},"end":{"line":4,"column":31}},"loc":{"start":{"line":4,"column":89},"end":{"line":16,"column":1}}},"1":{"name":"(anonymous_2)","decl":{"start":{"line":10,"column":36},"end":{"line":10,"column":40}},"loc":{"start":{"line":10,"column":45},"end":{"line":10,"column":53}}},"2":{"name":"(anonymous_3)","decl":{"start":{"line":18,"column":24},"end":{"line":18,"column":29}},"loc":{"start":{"line":18,"column":83},"end":{"line":87,"column":1}}},"3":{"name":"(anonymous_4)","decl":{"start":{"line":89,"column":30},"end":{"line":89,"column":35}},"loc":{"start":{"line":89,"column":55},"end":{"line":121,"column":1}}},"4":{"name":"(anonymous_5)","decl":{"start":{"line":107,"column":37},"end":{"line":107,"column":43}},"loc":{"start":{"line":107,"column":48},"end":{"line":111,"column":6}}},"5":{"name":"(anonymous_6)","decl":{"start":{"line":123,"column":33},"end":{"line":123,"column":38}},"loc":{"start":{"line":123,"column":58},"end":{"line":132,"column":1}}}},"branchMap":{"0":{"loc":{"start":{"line":27,"column":4},"end":{"line":29,"column":5}},"type":"if","locations":[{"start":{"line":27,"column":4},"end":{"line":29,"column":5}}]},"1":{"loc":{"start":{"line":30,"column":4},"end":{"line":32,"column":5}},"type":"if","locations":[{"start":{"line":30,"column":4},"end":{"line":32,"column":5}}]},"2":{"loc":{"start":{"line":41,"column":4},"end":{"line":43,"column":5}},"type":"if","locations":[{"start":{"line":41,"column":4},"end":{"line":43,"column":5}}]},"3":{"loc":{"start":{"line":60,"column":4},"end":{"line":86,"column":5}},"type":"if","locations":[{"start":{"line":60,"column":4},"end":{"line":86,"column":5}},{"start":{"line":76,"column":11},"end":{"line":86,"column":5}}]},"4":{"loc":{"start":{"line":61,"column":8},"end":{"line":75,"column":9}},"type":"if","locations":[{"start":{"line":61,"column":8},"end":{"line":75,"column":9}},{"start":{"line":64,"column":15},"end":{"line":75,"column":9}}]},"5":{"loc":{"start":{"line":103,"column":4},"end":{"line":105,"column":5}},"type":"if","locations":[{"start":{"line":103,"column":4},"end":{"line":105,"column":5}}]},"6":{"loc":{"start":{"line":126,"column":8},"end":{"line":128,"column":9}},"type":"if","locations":[{"start":{"line":126,"column":8},"end":{"line":128,"column":9}}]}},"s":{"0":1,"1":1,"2":1,"3":0,"4":0,"5":0,"6":1,"7":1,"8":0,"9":0,"10":0,"11":0,"12":0,"13":0,"14":0,"15":0,"16":0,"17":0,"18":0,"19":0,"20":0,"21":0,"22":0,"23":0,"24":0,"25":0,"26":0,"27":0,"28":0,"29":0,"30":1,"31":1,"32":0,"33":0,"34":0,"35":0,"36":0,"37":0,"38":1,"39":1,"40":0,"41":0,"42":0,"43":0,"44":0,"45":1},"f":{"0":0,"1":0,"2":0,"3":0,"4":0,"5":0},"b":{"0":[0],"1":[0],"2":[0],"3":[0,0],"4":[0,0],"5":[0],"6":[0]}}
,"C:\\Users\\kanaa\\Documents\\herogram\\backend\\src\\services\\websocketService.ts": {"path":"C:\\Users\\kanaa\\Documents\\herogram\\backend\\src\\services\\websocketService.ts","statementMap":{"0":{"start":{"line":1,"column":0},"end":{"line":1,"column":48}},"1":{"start":{"line":2,"column":0},"end":{"line":2,"column":41}},"2":{"start":{"line":3,"column":0},"end":{"line":3,"column":47}},"3":{"start":{"line":10,"column":30},"end":{"line":104,"column":1}},"4":{"start":{"line":11,"column":20},"end":{"line":11,"column":59}},"5":{"start":{"line":12,"column":28},"end":{"line":12,"column":51}},"6":{"start":{"line":14,"column":4},"end":{"line":14,"column":88}},"7":{"start":{"line":14,"column":41},"end":{"line":14,"column":86}},"8":{"start":{"line":16,"column":4},"end":{"line":21,"column":7}},"9":{"start":{"line":17,"column":8},"end":{"line":17,"column":50}},"10":{"start":{"line":19,"column":8},"end":{"line":19,"column":66}},"11":{"start":{"line":20,"column":8},"end":{"line":20,"column":24}},"12":{"start":{"line":23,"column":4},"end":{"line":33,"column":7}},"13":{"start":{"line":24,"column":23},"end":{"line":24,"column":44}},"14":{"start":{"line":25,"column":8},"end":{"line":32,"column":9}},"15":{"start":{"line":26,"column":37},"end":{"line":26,"column":56}},"16":{"start":{"line":27,"column":12},"end":{"line":31,"column":15}},"17":{"start":{"line":28,"column":16},"end":{"line":30,"column":17}},"18":{"start":{"line":29,"column":20},"end":{"line":29,"column":37}},"19":{"start":{"line":35,"column":4},"end":{"line":90,"column":7}},"20":{"start":{"line":36,"column":8},"end":{"line":36,"column":26}},"21":{"start":{"line":38,"column":26},"end":{"line":38,"column":69}},"22":{"start":{"line":39,"column":23},"end":{"line":39,"column":46}},"23":{"start":{"line":41,"column":8},"end":{"line":45,"column":9}},"24":{"start":{"line":42,"column":12},"end":{"line":42,"column":144}},"25":{"start":{"line":43,"column":12},"end":{"line":43,"column":46}},"26":{"start":{"line":44,"column":12},"end":{"line":44,"column":19}},"27":{"start":{"line":47,"column":8},"end":{"line":47,"column":27}},"28":{"start":{"line":49,"column":8},"end":{"line":54,"column":9}},"29":{"start":{"line":50,"column":12},"end":{"line":50,"column":43}},"30":{"start":{"line":51,"column":12},"end":{"line":52,"column":15}},"31":{"start":{"line":53,"column":12},"end":{"line":53,"column":71}},"32":{"start":{"line":55,"column":8},"end":{"line":55,"column":37}},"33":{"start":{"line":56,"column":8},"end":{"line":56,"column":119}},"34":{"start":{"line":57,"column":8},"end":{"line":67,"column":9}},"35":{"start":{"line":58,"column":35},"end":{"line":58,"column":63}},"36":{"start":{"line":59,"column":12},"end":{"line":63,"column":13}},"37":{"start":{"line":60,"column":16},"end":{"line":60,"column":56}},"38":{"start":{"line":62,"column":16},"end":{"line":62,"column":88}},"39":{"start":{"line":65,"column":12},"end":{"line":65,"column":86}},"40":{"start":{"line":66,"column":12},"end":{"line":66,"column":88}},"41":{"start":{"line":69,"column":8},"end":{"line":71,"column":11}},"42":{"start":{"line":70,"column":12},"end":{"line":70,"column":30}},"43":{"start":{"line":73,"column":8},"end":{"line":85,"column":11}},"44":{"start":{"line":74,"column":12},"end":{"line":74,"column":71}},"45":{"start":{"line":75,"column":12},"end":{"line":84,"column":13}},"46":{"start":{"line":76,"column":36},"end":{"line":76,"column":58}},"47":{"start":{"line":77,"column":16},"end":{"line":77,"column":40}},"48":{"start":{"line":78,"column":16},"end":{"line":83,"column":17}},"49":{"start":{"line":79,"column":20},"end":{"line":79,"column":46}},"50":{"start":{"line":81,"column":20},"end":{"line":81,"column":75}},"51":{"start":{"line":82,"column":20},"end":{"line":82,"column":104}},"52":{"start":{"line":87,"column":8},"end":{"line":89,"column":11}},"53":{"start":{"line":88,"column":12},"end":{"line":88,"column":75}},"54":{"start":{"line":92,"column":4},"end":{"line":103,"column":14}},"55":{"start":{"line":94,"column":8},"end":{"line":102,"column":11}},"56":{"start":{"line":95,"column":29},"end":{"line":95,"column":50}},"57":{"start":{"line":96,"column":12},"end":{"line":99,"column":13}},"58":{"start":{"line":97,"column":16},"end":{"line":97,"column":99}},"59":{"start":{"line":98,"column":16},"end":{"line":98,"column":44}},"60":{"start":{"line":100,"column":12},"end":{"line":100,"column":37}},"61":{"start":{"line":101,"column":12},"end":{"line":101,"column":28}},"62":{"start":{"line":10,"column":13},"end":{"line":10,"column":30}}},"fnMap":{"0":{"name":"(anonymous_1)","decl":{"start":{"line":10,"column":30},"end":{"line":10,"column":31}},"loc":{"start":{"line":10,"column":55},"end":{"line":104,"column":1}}},"1":{"name":"(anonymous_2)","decl":{"start":{"line":14,"column":32},"end":{"line":14,"column":33}},"loc":{"start":{"line":14,"column":41},"end":{"line":14,"column":86}}},"2":{"name":"(anonymous_3)","decl":{"start":{"line":16,"column":35},"end":{"line":16,"column":38}},"loc":{"start":{"line":16,"column":40},"end":{"line":18,"column":5}}},"3":{"name":"(anonymous_4)","decl":{"start":{"line":18,"column":13},"end":{"line":18,"column":16}},"loc":{"start":{"line":18,"column":19},"end":{"line":21,"column":5}}},"4":{"name":"(anonymous_5)","decl":{"start":{"line":23,"column":34},"end":{"line":23,"column":35}},"loc":{"start":{"line":23,"column":55},"end":{"line":33,"column":5}}},"5":{"name":"(anonymous_6)","decl":{"start":{"line":27,"column":38},"end":{"line":27,"column":40}},"loc":{"start":{"line":27,"column":43},"end":{"line":31,"column":13}}},"6":{"name":"(anonymous_7)","decl":{"start":{"line":35,"column":25},"end":{"line":35,"column":30}},"loc":{"start":{"line":35,"column":60},"end":{"line":90,"column":5}}},"7":{"name":"(anonymous_8)","decl":{"start":{"line":51,"column":62},"end":{"line":51,"column":63}},"loc":{"start":{"line":51,"column":83},"end":{"line":52,"column":13}}},"8":{"name":"(anonymous_9)","decl":{"start":{"line":69,"column":22},"end":{"line":69,"column":25}},"loc":{"start":{"line":69,"column":27},"end":{"line":71,"column":9}}},"9":{"name":"(anonymous_10)","decl":{"start":{"line":73,"column":23},"end":{"line":73,"column":28}},"loc":{"start":{"line":73,"column":34},"end":{"line":85,"column":9}}},"10":{"name":"(anonymous_11)","decl":{"start":{"line":87,"column":23},"end":{"line":87,"column":24}},"loc":{"start":{"line":87,"column":33},"end":{"line":89,"column":9}}},"11":{"name":"(anonymous_12)","decl":{"start":{"line":92,"column":16},"end":{"line":92,"column":19}},"loc":{"start":{"line":92,"column":21},"end":{"line":103,"column":5}}},"12":{"name":"(anonymous_13)","decl":{"start":{"line":94,"column":28},"end":{"line":94,"column":29}},"loc":{"start":{"line":94,"column":46},"end":{"line":102,"column":9}}}},"branchMap":{"0":{"loc":{"start":{"line":25,"column":8},"end":{"line":32,"column":9}},"type":"if","locations":[{"start":{"line":25,"column":8},"end":{"line":32,"column":9}}]},"1":{"loc":{"start":{"line":25,"column":12},"end":{"line":25,"column":41}},"type":"binary-expr","locations":[{"start":{"line":25,"column":12},"end":{"line":25,"column":18}},{"start":{"line":25,"column":22},"end":{"line":25,"column":41}}]},"2":{"loc":{"start":{"line":28,"column":16},"end":{"line":30,"column":17}},"type":"if","locations":[{"start":{"line":28,"column":16},"end":{"line":30,"column":17}}]},"3":{"loc":{"start":{"line":41,"column":8},"end":{"line":45,"column":9}},"type":"if","locations":[{"start":{"line":41,"column":8},"end":{"line":45,"column":9}}]},"4":{"loc":{"start":{"line":49,"column":8},"end":{"line":54,"column":9}},"type":"if","locations":[{"start":{"line":49,"column":8},"end":{"line":54,"column":9}}]},"5":{"loc":{"start":{"line":59,"column":12},"end":{"line":63,"column":13}},"type":"if","locations":[{"start":{"line":59,"column":12},"end":{"line":63,"column":13}},{"start":{"line":61,"column":19},"end":{"line":63,"column":13}}]},"6":{"loc":{"start":{"line":75,"column":12},"end":{"line":84,"column":13}},"type":"if","locations":[{"start":{"line":75,"column":12},"end":{"line":84,"column":13}}]},"7":{"loc":{"start":{"line":78,"column":16},"end":{"line":83,"column":17}},"type":"if","locations":[{"start":{"line":78,"column":16},"end":{"line":83,"column":17}}]},"8":{"loc":{"start":{"line":96,"column":12},"end":{"line":99,"column":13}},"type":"if","locations":[{"start":{"line":96,"column":12},"end":{"line":99,"column":13}}]}},"s":{"0":1,"1":1,"2":1,"3":1,"4":1,"5":1,"6":1,"7":0,"8":1,"9":1,"10":0,"11":0,"12":1,"13":0,"14":0,"15":0,"16":0,"17":0,"18":0,"19":1,"20":0,"21":0,"22":0,"23":0,"24":0,"25":0,"26":0,"27":0,"28":0,"29":0,"30":0,"31":0,"32":0,"33":0,"34":0,"35":0,"36":0,"37":0,"38":0,"39":0,"40":0,"41":0,"42":0,"43":0,"44":0,"45":0,"46":0,"47":0,"48":0,"49":0,"50":0,"51":0,"52":0,"53":0,"54":1,"55":0,"56":0,"57":0,"58":0,"59":0,"60":0,"61":0,"62":1},"f":{"0":1,"1":0,"2":1,"3":0,"4":0,"5":0,"6":0,"7":0,"8":0,"9":0,"10":0,"11":0,"12":0},"b":{"0":[0],"1":[0,0],"2":[0],"3":[0],"4":[0],"5":[0,0],"6":[0],"7":[0],"8":[0]}}
,"C:\\Users\\kanaa\\Documents\\herogram\\backend\\src\\utils\\jwt.ts": {"path":"C:\\Users\\kanaa\\Documents\\herogram\\backend\\src\\utils\\jwt.ts","statementMap":{"0":{"start":{"line":1,"column":0},"end":{"line":1,"column":31}},"1":{"start":{"line":2,"column":0},"end":{"line":2,"column":28}},"2":{"start":{"line":4,"column":0},"end":{"line":4,"column":16}},"3":{"start":{"line":6,"column":19},"end":{"line":6,"column":51}},"4":{"start":{"line":8,"column":0},"end":{"line":11,"column":1}},"5":{"start":{"line":9,"column":4},"end":{"line":9,"column":88}},"6":{"start":{"line":10,"column":4},"end":{"line":10,"column":20}},"7":{"start":{"line":13,"column":29},"end":{"line":15,"column":1}},"8":{"start":{"line":14,"column":4},"end":{"line":14,"column":65}},"9":{"start":{"line":13,"column":13},"end":{"line":13,"column":29}},"10":{"start":{"line":17,"column":27},"end":{"line":24,"column":1}},"11":{"start":{"line":18,"column":4},"end":{"line":23,"column":5}},"12":{"start":{"line":19,"column":24},"end":{"line":19,"column":75}},"13":{"start":{"line":20,"column":8},"end":{"line":20,"column":23}},"14":{"start":{"line":22,"column":8},"end":{"line":22,"column":20}},"15":{"start":{"line":17,"column":13},"end":{"line":17,"column":27}}},"fnMap":{"0":{"name":"(anonymous_1)","decl":{"start":{"line":13,"column":29},"end":{"line":13,"column":30}},"loc":{"start":{"line":13,"column":56},"end":{"line":15,"column":1}}},"1":{"name":"(anonymous_2)","decl":{"start":{"line":17,"column":27},"end":{"line":17,"column":28}},"loc":{"start":{"line":17,"column":72},"end":{"line":24,"column":1}}}},"branchMap":{"0":{"loc":{"start":{"line":8,"column":0},"end":{"line":11,"column":1}},"type":"if","locations":[{"start":{"line":8,"column":0},"end":{"line":11,"column":1}}]}},"s":{"0":1,"1":1,"2":1,"3":1,"4":1,"5":0,"6":0,"7":1,"8":0,"9":1,"10":1,"11":0,"12":0,"13":0,"14":0,"15":1},"f":{"0":0,"1":0},"b":{"0":[0]}}
,"C:\\Users\\kanaa\\Documents\\herogram\\backend\\src\\utils\\prisma.ts": {"path":"C:\\Users\\kanaa\\Documents\\herogram\\backend\\src\\utils\\prisma.ts","statementMap":{"0":{"start":{"line":1,"column":0},"end":{"line":1,"column":46}},"1":{"start":{"line":3,"column":15},"end":{"line":3,"column":33}},"2":{"start":{"line":5,"column":0},"end":{"line":5,"column":22}}},"fnMap":{},"branchMap":{},"s":{"0":1,"1":1,"2":1},"f":{},"b":{}}
,"C:\\Users\\kanaa\\Documents\\herogram\\backend\\src\\utils\\redis.ts": {"path":"C:\\Users\\kanaa\\Documents\\herogram\\backend\\src\\utils\\redis.ts","statementMap":{"0":{"start":{"line":1,"column":0},"end":{"line":1,"column":37}},"1":{"start":{"line":2,"column":0},"end":{"line":2,"column":28}},"2":{"start":{"line":4,"column":0},"end":{"line":4,"column":16}},"3":{"start":{"line":6,"column":20},"end":{"line":8,"column":2}},"4":{"start":{"line":10,"column":0},"end":{"line":10,"column":76}},"5":{"start":{"line":10,"column":33},"end":{"line":10,"column":74}},"6":{"start":{"line":12,"column":0},"end":{"line":19,"column":5}},"7":{"start":{"line":13,"column":4},"end":{"line":18,"column":5}},"8":{"start":{"line":14,"column":8},"end":{"line":14,"column":36}},"9":{"start":{"line":15,"column":8},"end":{"line":15,"column":42}},"10":{"start":{"line":17,"column":8},"end":{"line":17,"column":69}},"11":{"start":{"line":21,"column":0},"end":{"line":21,"column":27}}},"fnMap":{"0":{"name":"(anonymous_1)","decl":{"start":{"line":10,"column":24},"end":{"line":10,"column":25}},"loc":{"start":{"line":10,"column":33},"end":{"line":10,"column":74}}},"1":{"name":"(anonymous_2)","decl":{"start":{"line":12,"column":1},"end":{"line":12,"column":6}},"loc":{"start":{"line":12,"column":12},"end":{"line":19,"column":1}}}},"branchMap":{},"s":{"0":1,"1":1,"2":1,"3":1,"4":1,"5":0,"6":1,"7":1,"8":1,"9":1,"10":0,"11":1},"f":{"0":0,"1":1},"b":{}}
}
