TN:
SF:src\app.ts
FN:20,(anonymous_1)
FN:24,(anonymous_2)
FNF:2
FNH:0
FNDA:0,(anonymous_1)
FNDA:0,(anonymous_2)
DA:1,1
DA:2,1
DA:3,1
DA:4,1
DA:6,1
DA:8,1
DA:10,1
DA:16,1
DA:18,1
DA:20,1
DA:21,0
DA:24,1
DA:25,0
DA:26,0
DA:29,1
LF:15
LH:12
BRF:0
BRH:0
end_of_record
TN:
SF:src\server.ts
FN:19,(anonymous_1)
FN:23,(anonymous_2)
FN:25,(anonymous_3)
FN:34,(anonymous_4)
FN:36,(anonymous_5)
FNF:5
FNH:0
FNDA:0,(anonymous_1)
FNDA:0,(anonymous_2)
FNDA:0,(anonymous_3)
FNDA:0,(anonymous_4)
FNDA:0,(anonymous_5)
DA:1,1
DA:2,1
DA:4,1
DA:5,1
DA:6,1
DA:7,1
DA:8,1
DA:9,1
DA:12,1
DA:14,1
DA:15,1
DA:17,1
DA:19,1
DA:20,0
DA:23,1
DA:24,0
DA:25,0
DA:26,0
DA:27,0
DA:28,0
DA:29,0
DA:30,0
DA:34,1
DA:35,0
DA:36,0
DA:37,0
DA:38,0
DA:39,0
DA:40,0
DA:41,0
DA:46,1
DA:47,1
LF:32
LH:17
BRDA:12,0,0,1
BRDA:12,0,1,0
BRF:2
BRH:1
end_of_record
TN:
SF:src\controllers\authController.ts
FN:5,(anonymous_1)
FNF:1
FNH:0
FNDA:0,(anonymous_1)
DA:2,1
DA:3,1
DA:4,1
DA:5,1
DA:6,0
DA:8,0
DA:14,0
DA:15,0
DA:17,0
DA:18,0
LF:10
LH:4
BRF:0
BRH:0
end_of_record
TN:
SF:src\controllers\pollController.ts
FN:4,(anonymous_0)
FN:21,(anonymous_1)
FN:35,(anonymous_2)
FN:69,(anonymous_3)
FNF:4
FNH:0
FNDA:0,(anonymous_0)
FNDA:0,(anonymous_1)
FNDA:0,(anonymous_2)
FNDA:0,(anonymous_3)
DA:2,1
DA:4,1
DA:5,0
DA:7,0
DA:8,0
DA:9,0
DA:11,0
DA:12,0
DA:13,0
DA:16,0
DA:17,0
DA:18,0
DA:21,0
DA:25,0
DA:27,0
DA:28,0
DA:29,0
DA:35,1
DA:36,0
DA:37,0
DA:38,0
DA:40,0
DA:41,0
DA:42,0
DA:44,0
DA:45,0
DA:46,0
DA:49,0
DA:50,0
DA:51,0
DA:52,0
DA:54,0
DA:55,0
DA:56,0
DA:57,0
DA:59,0
DA:60,0
DA:61,0
DA:63,0
DA:64,0
DA:69,1
DA:70,0
DA:72,0
DA:73,0
DA:74,0
DA:75,0
DA:76,0
DA:78,0
DA:79,0
DA:81,0
DA:82,0
DA:83,0
LF:52
LH:4
BRDA:7,0,0,0
BRDA:7,1,0,0
BRDA:7,1,1,0
BRDA:7,1,2,0
BRDA:7,1,3,0
BRDA:11,2,0,0
BRDA:40,3,0,0
BRDA:44,4,0,0
BRDA:55,5,0,0
BRDA:55,6,0,0
BRDA:55,6,1,0
BRDA:59,7,0,0
BRDA:74,8,0,0
BRF:13
BRH:0
end_of_record
TN:
SF:src\middleware\auth.ts
FN:13,(anonymous_0)
FNF:1
FNH:0
FNDA:0,(anonymous_0)
DA:2,1
DA:13,1
DA:14,0
DA:15,0
DA:17,0
DA:18,0
DA:19,0
DA:22,0
DA:24,0
DA:25,0
DA:26,0
DA:29,0
DA:30,0
LF:13
LH:2
BRDA:15,0,0,0
BRDA:15,0,1,0
BRDA:17,1,0,0
BRDA:24,2,0,0
BRF:4
BRH:0
end_of_record
TN:
SF:src\routes\api.ts
FNF:0
FNH:0
DA:1,1
DA:2,1
DA:4,1
DA:6,1
DA:8,1
DA:11,1
DA:14,1
DA:17,1
DA:20,1
DA:22,1
LF:10
LH:10
BRF:0
BRH:0
end_of_record
TN:
SF:src\services\pollService.ts
FN:4,(anonymous_1)
FN:10,(anonymous_2)
FN:18,(anonymous_3)
FN:89,(anonymous_4)
FN:107,(anonymous_5)
FN:123,(anonymous_6)
FNF:6
FNH:0
FNDA:0,(anonymous_1)
FNDA:0,(anonymous_2)
FNDA:0,(anonymous_3)
FNDA:0,(anonymous_4)
FNDA:0,(anonymous_5)
FNDA:0,(anonymous_6)
DA:1,1
DA:2,1
DA:4,1
DA:5,0
DA:10,0
DA:15,0
DA:18,1
DA:19,0
DA:22,0
DA:27,0
DA:28,0
DA:30,0
DA:31,0
DA:34,0
DA:41,0
DA:42,0
DA:45,0
DA:51,0
DA:60,0
DA:61,0
DA:62,0
DA:63,0
DA:65,0
DA:72,0
DA:73,0
DA:74,0
DA:77,0
DA:84,0
DA:85,0
DA:89,1
DA:90,0
DA:103,0
DA:104,0
DA:107,0
DA:113,0
DA:123,1
DA:124,0
DA:125,0
DA:126,0
DA:127,0
DA:130,0
LF:41
LH:6
BRDA:27,0,0,0
BRDA:30,1,0,0
BRDA:41,2,0,0
BRDA:60,3,0,0
BRDA:60,3,1,0
BRDA:61,4,0,0
BRDA:61,4,1,0
BRDA:103,5,0,0
BRDA:126,6,0,0
BRF:9
BRH:0
end_of_record
TN:
SF:src\services\websocketService.ts
FN:10,(anonymous_1)
FN:14,(anonymous_2)
FN:16,(anonymous_3)
FN:18,(anonymous_4)
FN:23,(anonymous_5)
FN:27,(anonymous_6)
FN:35,(anonymous_7)
FN:51,(anonymous_8)
FN:69,(anonymous_9)
FN:73,(anonymous_10)
FN:87,(anonymous_11)
FN:92,(anonymous_12)
FN:94,(anonymous_13)
FNF:13
FNH:2
FNDA:1,(anonymous_1)
FNDA:0,(anonymous_2)
FNDA:1,(anonymous_3)
FNDA:0,(anonymous_4)
FNDA:0,(anonymous_5)
FNDA:0,(anonymous_6)
FNDA:0,(anonymous_7)
FNDA:0,(anonymous_8)
FNDA:0,(anonymous_9)
FNDA:0,(anonymous_10)
FNDA:0,(anonymous_11)
FNDA:0,(anonymous_12)
FNDA:0,(anonymous_13)
DA:1,1
DA:2,1
DA:3,1
DA:10,1
DA:11,1
DA:12,1
DA:14,1
DA:16,1
DA:17,1
DA:19,0
DA:20,0
DA:23,1
DA:24,0
DA:25,0
DA:26,0
DA:27,0
DA:28,0
DA:29,0
DA:35,1
DA:36,0
DA:38,0
DA:39,0
DA:41,0
DA:42,0
DA:43,0
DA:44,0
DA:47,0
DA:49,0
DA:50,0
DA:51,0
DA:53,0
DA:55,0
DA:56,0
DA:57,0
DA:58,0
DA:59,0
DA:60,0
DA:62,0
DA:65,0
DA:66,0
DA:69,0
DA:70,0
DA:73,0
DA:74,0
DA:75,0
DA:76,0
DA:77,0
DA:78,0
DA:79,0
DA:81,0
DA:82,0
DA:87,0
DA:88,0
DA:92,1
DA:94,0
DA:95,0
DA:96,0
DA:97,0
DA:98,0
DA:100,0
DA:101,0
LF:61
LH:12
BRDA:25,0,0,0
BRDA:25,1,0,0
BRDA:25,1,1,0
BRDA:28,2,0,0
BRDA:41,3,0,0
BRDA:49,4,0,0
BRDA:59,5,0,0
BRDA:59,5,1,0
BRDA:75,6,0,0
BRDA:78,7,0,0
BRDA:96,8,0,0
BRF:11
BRH:0
end_of_record
TN:
SF:src\utils\jwt.ts
FN:13,(anonymous_1)
FN:17,(anonymous_2)
FNF:2
FNH:0
FNDA:0,(anonymous_1)
FNDA:0,(anonymous_2)
DA:1,1
DA:2,1
DA:4,1
DA:6,1
DA:8,1
DA:9,0
DA:10,0
DA:13,1
DA:14,0
DA:17,1
DA:18,0
DA:19,0
DA:20,0
DA:22,0
LF:14
LH:7
BRDA:8,0,0,0
BRF:1
BRH:0
end_of_record
TN:
SF:src\utils\prisma.ts
FNF:0
FNH:0
DA:1,1
DA:3,1
DA:5,1
LF:3
LH:3
BRF:0
BRH:0
end_of_record
TN:
SF:src\utils\redis.ts
FN:10,(anonymous_1)
FN:12,(anonymous_2)
FNF:2
FNH:1
FNDA:0,(anonymous_1)
FNDA:1,(anonymous_2)
DA:1,1
DA:2,1
DA:4,1
DA:6,1
DA:10,1
DA:12,1
DA:13,1
DA:14,1
DA:15,1
DA:17,0
DA:21,1
LF:11
LH:10
BRF:0
BRH:0
end_of_record
